Using cache found in /home/hice1/yjia305/.cache/torch/hub/chenyaofo_pytorch-cifar-models_master
IMPLICIT_GEMM_PIPELINED_TAIL_CHECK_V2 carry_in_fixed direct_compare mismatch=0 total_gemm_k_iters=1 tail_start=0 tail_iters=1 warp_mma_iters_per_gemm=4 stages=2 staged_accum=0 elements=128
  reg[ 0] accum=     -1.0086  tail_dup=     -1.0086  ==
  reg[ 1] accum=      0.0156  tail_dup=      0.0156  ==
  reg[ 2] accum=     -0.8160  tail_dup=     -0.8160  ==
  reg[ 3] accum=      0.0198  tail_dup=      0.0198  ==
  reg[ 4] accum=     -0.9382  tail_dup=     -0.9382  ==
  reg[ 5] accum=      0.0199  tail_dup=      0.0199  ==
  reg[ 6] accum=     -0.9752  tail_dup=     -0.9752  ==
  reg[ 7] accum=      0.0201  tail_dup=      0.0201  ==
IMPLICIT_GEMM_PIPELINED_TAIL_CHECK_V2 carry_in_fixed direct_compare mismatch=0 total_gemm_k_iters=1 tail_start=0 tail_iters=1 warp_mma_iters_per_gemm=4 stages=2 staged_accum=0 elements=128
  reg[ 0] accum=      0.3159  tail_dup=      0.3159  ==
  reg[ 1] accum=      0.5137  tail_dup=      0.5137  ==
  reg[ 2] accum=      0.2064  tail_dup=      0.2064  ==
  reg[ 3] accum=      0.8235  tail_dup=      0.8235  ==
  reg[ 4] accum=      0.2078  tail_dup=      0.2078  ==
  reg[ 5] accum=      0.8167  tail_dup=      0.8167  ==
  reg[ 6] accum=      0.1876  tail_dup=      0.1876  ==
  reg[ 7] accum=      0.7972  tail_dup=      0.7972  ==
IMPLICIT_GEMM_PIPELINED_TAIL_CHECK_V2 carry_in_fixed direct_compare mismatch=0 total_gemm_k_iters=1 tail_start=0 tail_iters=1 warp_mma_iters_per_gemm=4 stages=2 staged_accum=0 elements=128
  reg[ 0] accum=      0.0556  tail_dup=      0.0556  ==
  reg[ 1] accum=      0.0667  tail_dup=      0.0667  ==
  reg[ 2] accum=      0.1364  tail_dup=      0.1364  ==
  reg[ 3] accum=     -0.0102  tail_dup=     -0.0102  ==
  reg[ 4] accum=      0.1667  tail_dup=      0.1667  ==
  reg[ 5] accum=      0.0020  tail_dup=      0.0020  ==
  reg[ 6] accum=      0.1576  tail_dup=      0.1576  ==
  reg[ 7] accum=      0.0104  tail_dup=      0.0104  ==
IMPLICIT_GEMM_PIPELINED_TAIL_CHECK_V2 carry_in_fixed direct_compare mismatch=0 total_gemm_k_iters=3 tail_start=2 tail_iters=1 warp_mma_iters_per_gemm=4 stages=2 staged_accum=0 elements=128
  reg[ 0] accum=     -0.2118  tail_dup=     -0.2118  ==
  reg[ 1] accum=      0.0390  tail_dup=      0.0390  ==
  reg[ 2] accum=     -0.2264  tail_dup=     -0.2264  ==
  reg[ 3] accum=     -0.0593  tail_dup=     -0.0593  ==
  reg[ 4] accum=     -0.2225  tail_dup=     -0.2225  ==
  reg[ 5] accum=     -0.0636  tail_dup=     -0.0636  ==
  reg[ 6] accum=     -0.2253  tail_dup=     -0.2253  ==
  reg[ 7] accum=     -0.0429  tail_dup=     -0.0429  ==
IMPLICIT_GEMM_PIPELINED_TAIL_CHECK_V2 carry_in_fixed direct_compare mismatch=0 total_gemm_k_iters=1 tail_start=0 tail_iters=1 warp_mma_iters_per_gemm=4 stages=2 staged_accum=0 elements=128
  reg[ 0] accum=     -0.1057  tail_dup=     -0.1057  ==
  reg[ 1] accum=      0.0000  tail_dup=      0.0000  ==
  reg[ 2] accum=     -0.0427  tail_dup=     -0.0427  ==
  reg[ 3] accum=      0.0002  tail_dup=      0.0002  ==
  reg[ 4] accum=     -0.0450  tail_dup=     -0.0450  ==
  reg[ 5] accum=      0.0001  tail_dup=      0.0001  ==
  reg[ 6] accum=     -0.0450  tail_dup=     -0.0450  ==
  reg[ 7] accum=      0.0001  tail_dup=      0.0001  ==
IMPLICIT_GEMM_PIPELINED_TAIL_CHECK_V2 carry_in_fixed direct_compare mismatch=0 total_gemm_k_iters=5 tail_start=3 tail_iters=2 warp_mma_iters_per_gemm=4 stages=2 staged_accum=0 elements=128
  reg[ 0] accum=     -0.0707  tail_dup=     -0.0707  ==
  reg[ 1] accum=      0.0581  tail_dup=      0.0581  ==
  reg[ 2] accum=     -0.0427  tail_dup=     -0.0427  ==
  reg[ 3] accum=      0.0527  tail_dup=      0.0527  ==
  reg[ 4] accum=     -0.0438  tail_dup=     -0.0438  ==
  reg[ 5] accum=      0.0567  tail_dup=      0.0567  ==
  reg[ 6] accum=     -0.0256  tail_dup=     -0.0256  ==
  reg[ 7] accum=      0.0518  tail_dup=      0.0518  ==
IMPLICIT_GEMM_PIPELINED_TAIL_CHECK_V2 carry_in_fixed direct_compare mismatch=0 total_gemm_k_iters=1 tail_start=0 tail_iters=1 warp_mma_iters_per_gemm=4 stages=2 staged_accum=0 elements=128
  reg[ 0] accum=     -0.0435  tail_dup=     -0.0435  ==
  reg[ 1] accum=     -0.0956  tail_dup=     -0.0956  ==
  reg[ 2] accum=     -0.0744  tail_dup=     -0.0744  ==
  reg[ 3] accum=      0.0546  tail_dup=      0.0546  ==
  reg[ 4] accum=     -0.0833  tail_dup=     -0.0833  ==
  reg[ 5] accum=      0.0481  tail_dup=      0.0481  ==
  reg[ 6] accum=     -0.0830  tail_dup=     -0.0830  ==
  reg[ 7] accum=      0.0432  tail_dup=      0.0432  ==
IMPLICIT_GEMM_PIPELINED_TAIL_CHECK_V2 carry_in_fixed direct_compare mismatch=0 total_gemm_k_iters=5 tail_start=3 tail_iters=2 warp_mma_iters_per_gemm=4 stages=2 staged_accum=0 elements=128
  reg[ 0] accum=      0.3480  tail_dup=      0.3480  ==
  reg[ 1] accum=     -0.5405  tail_dup=     -0.5405  ==
  reg[ 2] accum=      0.2919  tail_dup=      0.2919  ==
  reg[ 3] accum=     -0.6672  tail_dup=     -0.6672  ==
  reg[ 4] accum=      0.1739  tail_dup=      0.1739  ==
  reg[ 5] accum=     -0.6846  tail_dup=     -0.6846  ==
  reg[ 6] accum=      0.2097  tail_dup=      0.2097  ==
  reg[ 7] accum=     -0.7530  tail_dup=     -0.7530  ==
IMPLICIT_GEMM_PIPELINED_TAIL_CHECK_V2 carry_in_fixed direct_compare mismatch=0 total_gemm_k_iters=1 tail_start=0 tail_iters=1 warp_mma_iters_per_gemm=4 stages=2 staged_accum=0 elements=128
  reg[ 0] accum=     -0.0005  tail_dup=     -0.0005  ==
  reg[ 1] accum=     -0.0138  tail_dup=     -0.0138  ==
  reg[ 2] accum=     -0.0007  tail_dup=     -0.0007  ==
  reg[ 3] accum=      0.0089  tail_dup=      0.0089  ==
  reg[ 4] accum=     -0.0005  tail_dup=     -0.0005  ==
  reg[ 5] accum=      0.0079  tail_dup=      0.0079  ==
  reg[ 6] accum=     -0.0008  tail_dup=     -0.0008  ==
  reg[ 7] accum=      0.0090  tail_dup=      0.0090  ==
IMPLICIT_GEMM_PIPELINED_TAIL_CHECK_V2 carry_in_fixed direct_compare mismatch=0 total_gemm_k_iters=6 tail_start=4 tail_iters=2 warp_mma_iters_per_gemm=4 stages=2 staged_accum=0 elements=128
  reg[ 0] accum=     -0.0092  tail_dup=     -0.0092  ==
  reg[ 1] accum=     -0.0100  tail_dup=     -0.0100  ==
  reg[ 2] accum=      0.0249  tail_dup=      0.0249  ==
  reg[ 3] accum=     -0.0016  tail_dup=     -0.0016  ==
  reg[ 4] accum=     -0.0386  tail_dup=     -0.0386  ==
  reg[ 5] accum=     -0.0171  tail_dup=     -0.0171  ==
  reg[ 6] accum=     -0.0098  tail_dup=     -0.0098  ==
  reg[ 7] accum=     -0.0073  tail_dup=     -0.0073  ==
IMPLICIT_GEMM_PIPELINED_TAIL_CHECK_V2 carry_in_fixed direct_compare mismatch=0 total_gemm_k_iters=1 tail_start=0 tail_iters=1 warp_mma_iters_per_gemm=4 stages=2 staged_accum=0 elements=128
  reg[ 0] accum=      0.0000  tail_dup=      0.0000  ==
  reg[ 1] accum=      0.0580  tail_dup=      0.0580  ==
  reg[ 2] accum=      0.0000  tail_dup=      0.0000  ==
  reg[ 3] accum=      0.0570  tail_dup=      0.0570  ==
  reg[ 4] accum=      0.0000  tail_dup=      0.0000  ==
  reg[ 5] accum=      0.0749  tail_dup=      0.0749  ==
  reg[ 6] accum=      0.0000  tail_dup=      0.0000  ==
  reg[ 7] accum=      0.0163  tail_dup=      0.0163  ==
IMPLICIT_GEMM_PIPELINED_TAIL_CHECK_V2 carry_in_fixed direct_compare mismatch=0 total_gemm_k_iters=6 tail_start=4 tail_iters=2 warp_mma_iters_per_gemm=4 stages=2 staged_accum=0 elements=128
  reg[ 0] accum=     -0.0086  tail_dup=     -0.0086  ==
  reg[ 1] accum=      0.0051  tail_dup=      0.0051  ==
  reg[ 2] accum=     -0.0293  tail_dup=     -0.0293  ==
  reg[ 3] accum=      0.0029  tail_dup=      0.0029  ==
  reg[ 4] accum=     -0.0051  tail_dup=     -0.0051  ==
  reg[ 5] accum=      0.0040  tail_dup=      0.0040  ==
  reg[ 6] accum=     -0.0031  tail_dup=     -0.0031  ==
  reg[ 7] accum=      0.0012  tail_dup=      0.0012  ==
IMPLICIT_GEMM_PIPELINED_TAIL_CHECK_V2 carry_in_fixed direct_compare mismatch=0 total_gemm_k_iters=1 tail_start=0 tail_iters=1 warp_mma_iters_per_gemm=4 stages=2 staged_accum=0 elements=128
  reg[ 0] accum=     -0.1028  tail_dup=     -0.1028  ==
  reg[ 1] accum=      0.2173  tail_dup=      0.2173  ==
  reg[ 2] accum=     -0.0149  tail_dup=     -0.0149  ==
  reg[ 3] accum=      0.0876  tail_dup=      0.0876  ==
  reg[ 4] accum=     -0.0054  tail_dup=     -0.0054  ==
  reg[ 5] accum=      0.1460  tail_dup=      0.1460  ==
  reg[ 6] accum=      0.0129  tail_dup=      0.0129  ==
  reg[ 7] accum=      0.0074  tail_dup=      0.0074  ==
IMPLICIT_GEMM_PIPELINED_TAIL_CHECK_V2 carry_in_fixed direct_compare mismatch=0 total_gemm_k_iters=6 tail_start=4 tail_iters=2 warp_mma_iters_per_gemm=4 stages=2 staged_accum=0 elements=128
  reg[ 0] accum=      0.1525  tail_dup=      0.1525  ==
  reg[ 1] accum=     -0.1849  tail_dup=     -0.1849  ==
  reg[ 2] accum=      0.1720  tail_dup=      0.1720  ==
  reg[ 3] accum=     -0.1903  tail_dup=     -0.1903  ==
  reg[ 4] accum=      0.1301  tail_dup=      0.1301  ==
  reg[ 5] accum=     -0.2174  tail_dup=     -0.2174  ==
  reg[ 6] accum=      0.0825  tail_dup=      0.0825  ==
  reg[ 7] accum=     -0.1888  tail_dup=     -0.1888  ==
IMPLICIT_GEMM_PIPELINED_TAIL_CHECK_V2 carry_in_fixed direct_compare mismatch=0 total_gemm_k_iters=2 tail_start=1 tail_iters=1 warp_mma_iters_per_gemm=4 stages=2 staged_accum=0 elements=128
  reg[ 0] accum=     -0.0009  tail_dup=     -0.0009  ==
  reg[ 1] accum=      0.0513  tail_dup=      0.0513  ==
  reg[ 2] accum=     -0.0007  tail_dup=     -0.0007  ==
  reg[ 3] accum=      0.0527  tail_dup=      0.0527  ==
  reg[ 4] accum=     -0.0007  tail_dup=     -0.0007  ==
  reg[ 5] accum=      0.0456  tail_dup=      0.0456  ==
  reg[ 6] accum=     -0.0012  tail_dup=     -0.0012  ==
  reg[ 7] accum=      0.0444  tail_dup=      0.0444  ==
IMPLICIT_GEMM_PIPELINED_TAIL_CHECK_V2 carry_in_fixed direct_compare mismatch=0 total_gemm_k_iters=12 tail_start=9 tail_iters=3 warp_mma_iters_per_gemm=4 stages=2 staged_accum=0 elements=128
  reg[ 0] accum=      0.0029  tail_dup=      0.0029  ==
  reg[ 1] accum=     -0.0696  tail_dup=     -0.0696  ==
  reg[ 2] accum=      0.0244  tail_dup=      0.0244  ==
  reg[ 3] accum=     -0.0555  tail_dup=     -0.0555  ==
  reg[ 4] accum=      0.0260  tail_dup=      0.0260  ==
  reg[ 5] accum=     -0.0567  tail_dup=     -0.0567  ==
  reg[ 6] accum=      0.0098  tail_dup=      0.0098  ==
  reg[ 7] accum=     -0.0593  tail_dup=     -0.0593  ==
IMPLICIT_GEMM_PIPELINED_TAIL_CHECK_V2 carry_in_fixed direct_compare mismatch=0 total_gemm_k_iters=2 tail_start=1 tail_iters=1 warp_mma_iters_per_gemm=4 stages=2 staged_accum=0 elements=128
  reg[ 0] accum=     -0.0970  tail_dup=     -0.0970  ==
  reg[ 1] accum=      0.0014  tail_dup=      0.0014  ==
  reg[ 2] accum=     -0.0583  tail_dup=     -0.0583  ==
  reg[ 3] accum=     -0.0946  tail_dup=     -0.0946  ==
  reg[ 4] accum=     -0.1079  tail_dup=     -0.1079  ==
  reg[ 5] accum=     -0.1363  tail_dup=     -0.1363  ==
  reg[ 6] accum=     -0.1063  tail_dup=     -0.1063  ==
  reg[ 7] accum=     -0.1130  tail_dup=     -0.1130  ==
IMPLICIT_GEMM_PIPELINED_TAIL_CHECK_V2 carry_in_fixed direct_compare mismatch=0 total_gemm_k_iters=12 tail_start=9 tail_iters=3 warp_mma_iters_per_gemm=4 stages=2 staged_accum=0 elements=128
  reg[ 0] accum=     -0.0408  tail_dup=     -0.0408  ==
  reg[ 1] accum=     -0.0004  tail_dup=     -0.0004  ==
  reg[ 2] accum=     -0.0096  tail_dup=     -0.0096  ==
  reg[ 3] accum=     -0.0147  tail_dup=     -0.0147  ==
  reg[ 4] accum=     -0.0199  tail_dup=     -0.0199  ==
  reg[ 5] accum=     -0.0159  tail_dup=     -0.0159  ==
  reg[ 6] accum=     -0.0299  tail_dup=     -0.0299  ==
  reg[ 7] accum=     -0.0150  tail_dup=     -0.0150  ==
IMPLICIT_GEMM_PIPELINED_TAIL_CHECK_V2 carry_in_fixed direct_compare mismatch=0 total_gemm_k_iters=2 tail_start=1 tail_iters=1 warp_mma_iters_per_gemm=4 stages=2 staged_accum=0 elements=128
  reg[ 0] accum=      0.0011  tail_dup=      0.0011  ==
  reg[ 1] accum=      0.0080  tail_dup=      0.0080  ==
  reg[ 2] accum=      0.0016  tail_dup=      0.0016  ==
  reg[ 3] accum=      0.0126  tail_dup=      0.0126  ==
  reg[ 4] accum=      0.0021  tail_dup=      0.0021  ==
  reg[ 5] accum=      0.0210  tail_dup=      0.0210  ==
  reg[ 6] accum=      0.0014  tail_dup=      0.0014  ==
  reg[ 7] accum=      0.0269  tail_dup=      0.0269  ==
IMPLICIT_GEMM_PIPELINED_TAIL_CHECK_V2 carry_in_fixed direct_compare mismatch=0 total_gemm_k_iters=12 tail_start=9 tail_iters=3 warp_mma_iters_per_gemm=4 stages=2 staged_accum=0 elements=128
  reg[ 0] accum=     -0.0041  tail_dup=     -0.0041  ==
  reg[ 1] accum=      0.0003  tail_dup=      0.0003  ==
  reg[ 2] accum=     -0.0038  tail_dup=     -0.0038  ==
  reg[ 3] accum=     -0.0006  tail_dup=     -0.0006  ==
  reg[ 4] accum=     -0.0077  tail_dup=     -0.0077  ==
  reg[ 5] accum=     -0.0046  tail_dup=     -0.0046  ==
  reg[ 6] accum=     -0.0073  tail_dup=     -0.0073  ==
  reg[ 7] accum=     -0.0133  tail_dup=     -0.0133  ==
IMPLICIT_GEMM_PIPELINED_TAIL_CHECK_V2 carry_in_fixed direct_compare mismatch=0 total_gemm_k_iters=2 tail_start=1 tail_iters=1 warp_mma_iters_per_gemm=4 stages=2 staged_accum=0 elements=128
  reg[ 0] accum=     -0.0017  tail_dup=     -0.0017  ==
  reg[ 1] accum=      0.0512  tail_dup=      0.0512  ==
  reg[ 2] accum=     -0.1117  tail_dup=     -0.1117  ==
  reg[ 3] accum=     -0.0807  tail_dup=     -0.0807  ==
  reg[ 4] accum=     -0.0648  tail_dup=     -0.0648  ==
  reg[ 5] accum=     -0.0649  tail_dup=     -0.0649  ==
  reg[ 6] accum=      0.0546  tail_dup=      0.0546  ==
  reg[ 7] accum=      0.0044  tail_dup=      0.0044  ==
IMPLICIT_GEMM_PIPELINED_TAIL_CHECK_V2 carry_in_fixed direct_compare mismatch=0 total_gemm_k_iters=12 tail_start=9 tail_iters=3 warp_mma_iters_per_gemm=4 stages=2 staged_accum=0 elements=128
  reg[ 0] accum=     -0.1179  tail_dup=     -0.1179  ==
  reg[ 1] accum=      0.0994  tail_dup=      0.0994  ==
  reg[ 2] accum=      0.0090  tail_dup=      0.0090  ==
  reg[ 3] accum=      0.0793  tail_dup=      0.0793  ==
  reg[ 4] accum=     -0.0105  tail_dup=     -0.0105  ==
  reg[ 5] accum=      0.0659  tail_dup=      0.0659  ==
  reg[ 6] accum=     -0.0306  tail_dup=     -0.0306  ==
  reg[ 7] accum=     -0.0372  tail_dup=     -0.0372  ==
IMPLICIT_GEMM_PIPELINED_TAIL_CHECK_V2 carry_in_fixed direct_compare mismatch=0 total_gemm_k_iters=3 tail_start=2 tail_iters=1 warp_mma_iters_per_gemm=4 stages=2 staged_accum=0 elements=128
  reg[ 0] accum=     -0.0004  tail_dup=     -0.0004  ==
  reg[ 1] accum=     -0.0001  tail_dup=     -0.0001  ==
  reg[ 2] accum=     -0.0003  tail_dup=     -0.0003  ==
  reg[ 3] accum=      0.0001  tail_dup=      0.0001  ==
  reg[ 4] accum=     -0.0004  tail_dup=     -0.0004  ==
  reg[ 5] accum=      0.0001  tail_dup=      0.0001  ==
  reg[ 6] accum=     -0.0007  tail_dup=     -0.0007  ==
  reg[ 7] accum=     -0.0000  tail_dup=     -0.0000  ==
IMPLICIT_GEMM_PIPELINED_TAIL_CHECK_V2 carry_in_fixed direct_compare mismatch=0 total_gemm_k_iters=18 tail_start=13 tail_iters=5 warp_mma_iters_per_gemm=4 stages=2 staged_accum=0 elements=128
  reg[ 0] accum=      0.0049  tail_dup=      0.0049  ==
  reg[ 1] accum=     -0.0098  tail_dup=     -0.0098  ==
  reg[ 2] accum=     -0.0076  tail_dup=     -0.0076  ==
  reg[ 3] accum=     -0.0107  tail_dup=     -0.0107  ==
  reg[ 4] accum=      0.0078  tail_dup=      0.0078  ==
  reg[ 5] accum=      0.0038  tail_dup=      0.0038  ==
  reg[ 6] accum=     -0.0030  tail_dup=     -0.0030  ==
  reg[ 7] accum=     -0.0358  tail_dup=     -0.0358  ==
IMPLICIT_GEMM_PIPELINED_TAIL_CHECK_V2 carry_in_fixed direct_compare mismatch=0 total_gemm_k_iters=3 tail_start=2 tail_iters=1 warp_mma_iters_per_gemm=4 stages=2 staged_accum=0 elements=128
  reg[ 0] accum=      0.0001  tail_dup=      0.0001  ==
  reg[ 1] accum=      0.0016  tail_dup=      0.0016  ==
  reg[ 2] accum=      0.0001  tail_dup=      0.0001  ==
  reg[ 3] accum=      0.0006  tail_dup=      0.0006  ==
  reg[ 4] accum=      0.0001  tail_dup=      0.0001  ==
  reg[ 5] accum=     -0.0012  tail_dup=     -0.0012  ==
  reg[ 6] accum=      0.0000  tail_dup=      0.0000  ==
  reg[ 7] accum=     -0.0021  tail_dup=     -0.0021  ==
IMPLICIT_GEMM_PIPELINED_TAIL_CHECK_V2 carry_in_fixed direct_compare mismatch=0 total_gemm_k_iters=18 tail_start=13 tail_iters=5 warp_mma_iters_per_gemm=4 stages=2 staged_accum=0 elements=128
  reg[ 0] accum=      0.0214  tail_dup=      0.0214  ==
  reg[ 1] accum=     -0.0113  tail_dup=     -0.0113  ==
  reg[ 2] accum=     -0.0107  tail_dup=     -0.0107  ==
  reg[ 3] accum=     -0.0154  tail_dup=     -0.0154  ==
  reg[ 4] accum=     -0.0014  tail_dup=     -0.0014  ==
  reg[ 5] accum=      0.0022  tail_dup=      0.0022  ==
  reg[ 6] accum=      0.0194  tail_dup=      0.0194  ==
  reg[ 7] accum=     -0.0133  tail_dup=     -0.0133  ==
IMPLICIT_GEMM_PIPELINED_TAIL_CHECK_V2 carry_in_fixed direct_compare mismatch=0 total_gemm_k_iters=3 tail_start=2 tail_iters=1 warp_mma_iters_per_gemm=4 stages=2 staged_accum=0 elements=128
  reg[ 0] accum=     -0.0850  tail_dup=     -0.0850  ==
  reg[ 1] accum=      0.0000  tail_dup=      0.0000  ==
  reg[ 2] accum=      0.0294  tail_dup=      0.0294  ==
  reg[ 3] accum=      0.0000  tail_dup=      0.0000  ==
  reg[ 4] accum=      0.0116  tail_dup=      0.0116  ==
  reg[ 5] accum=      0.0000  tail_dup=      0.0000  ==
  reg[ 6] accum=      0.1486  tail_dup=      0.1486  ==
  reg[ 7] accum=     -0.0000  tail_dup=     -0.0000  ==
IMPLICIT_GEMM_PIPELINED_TAIL_CHECK_V2 carry_in_fixed direct_compare mismatch=0 total_gemm_k_iters=18 tail_start=13 tail_iters=5 warp_mma_iters_per_gemm=4 stages=2 staged_accum=0 elements=128
  reg[ 0] accum=     -0.0544  tail_dup=     -0.0544  ==
  reg[ 1] accum=      0.0355  tail_dup=      0.0355  ==
  reg[ 2] accum=      0.0391  tail_dup=      0.0391  ==
  reg[ 3] accum=      0.0330  tail_dup=      0.0330  ==
  reg[ 4] accum=     -0.1652  tail_dup=     -0.1652  ==
  reg[ 5] accum=      0.1085  tail_dup=      0.1085  ==
  reg[ 6] accum=     -0.0781  tail_dup=     -0.0781  ==
  reg[ 7] accum=      0.0683  tail_dup=      0.0683  ==
IMPLICIT_GEMM_PIPELINED_TAIL_CHECK_V2 carry_in_fixed direct_compare mismatch=0 total_gemm_k_iters=5 tail_start=3 tail_iters=2 warp_mma_iters_per_gemm=4 stages=2 staged_accum=0 elements=128
  reg[ 0] accum=     -0.0000  tail_dup=     -0.0000  ==
  reg[ 1] accum=      0.0001  tail_dup=      0.0001  ==
  reg[ 2] accum=     -0.0000  tail_dup=     -0.0000  ==
  reg[ 3] accum=     -0.0000  tail_dup=     -0.0000  ==
  reg[ 4] accum=      0.0000  tail_dup=      0.0000  ==
  reg[ 5] accum=      0.0001  tail_dup=      0.0001  ==
  reg[ 6] accum=     -0.0000  tail_dup=     -0.0000  ==
  reg[ 7] accum=     -0.0002  tail_dup=     -0.0002  ==
IMPLICIT_GEMM_PIPELINED_TAIL_CHECK_V2 carry_in_fixed direct_compare mismatch=0 total_gemm_k_iters=30 tail_start=22 tail_iters=8 warp_mma_iters_per_gemm=4 stages=2 staged_accum=0 elements=128
  reg[ 0] accum=      0.1589  tail_dup=      0.1589  ==
  reg[ 1] accum=     -0.1125  tail_dup=     -0.1125  ==
  reg[ 2] accum=      0.0749  tail_dup=      0.0749  ==
  reg[ 3] accum=     -0.0343  tail_dup=     -0.0343  ==
  reg[ 4] accum=      0.0812  tail_dup=      0.0812  ==
  reg[ 5] accum=     -0.1117  tail_dup=     -0.1117  ==
  reg[ 6] accum=      0.1057  tail_dup=      0.1057  ==
  reg[ 7] accum=     -0.0039  tail_dup=     -0.0039  ==
IMPLICIT_GEMM_PIPELINED_TAIL_CHECK_V2 carry_in_fixed direct_compare mismatch=0 total_gemm_k_iters=5 tail_start=3 tail_iters=2 warp_mma_iters_per_gemm=4 stages=2 staged_accum=0 elements=128
  reg[ 0] accum=      0.0006  tail_dup=      0.0006  ==
  reg[ 1] accum=      0.0000  tail_dup=      0.0000  ==
  reg[ 2] accum=      0.0014  tail_dup=      0.0014  ==
  reg[ 3] accum=      0.0001  tail_dup=      0.0001  ==
  reg[ 4] accum=     -0.0021  tail_dup=     -0.0021  ==
  reg[ 5] accum=     -0.0000  tail_dup=     -0.0000  ==
  reg[ 6] accum=     -0.0006  tail_dup=     -0.0006  ==
  reg[ 7] accum=     -0.0000  tail_dup=     -0.0000  ==
IMPLICIT_GEMM_PIPELINED_TAIL_CHECK_V2 carry_in_fixed direct_compare mismatch=0 total_gemm_k_iters=30 tail_start=22 tail_iters=8 warp_mma_iters_per_gemm=4 stages=2 staged_accum=0 elements=128
  reg[ 0] accum=      0.0471  tail_dup=      0.0471  ==
  reg[ 1] accum=     -0.0364  tail_dup=     -0.0364  ==
  reg[ 2] accum=      0.0100  tail_dup=      0.0100  ==
  reg[ 3] accum=     -0.0821  tail_dup=     -0.0821  ==
  reg[ 4] accum=      0.0650  tail_dup=      0.0650  ==
  reg[ 5] accum=     -0.0332  tail_dup=     -0.0332  ==
  reg[ 6] accum=      0.0854  tail_dup=      0.0854  ==
  reg[ 7] accum=     -0.0246  tail_dup=     -0.0246  ==
IMPLICIT_GEMM_PIPELINED_TAIL_CHECK_V2 carry_in_fixed direct_compare mismatch=0 total_gemm_k_iters=5 tail_start=3 tail_iters=2 warp_mma_iters_per_gemm=4 stages=2 staged_accum=0 elements=128
  reg[ 0] accum=     -0.0558  tail_dup=     -0.0558  ==
  reg[ 1] accum=     -0.0000  tail_dup=     -0.0000  ==
  reg[ 2] accum=      0.2301  tail_dup=      0.2301  ==
  reg[ 3] accum=     -0.0001  tail_dup=     -0.0001  ==
  reg[ 4] accum=      0.1491  tail_dup=      0.1491  ==
  reg[ 5] accum=     -0.0000  tail_dup=     -0.0000  ==
  reg[ 6] accum=      0.0790  tail_dup=      0.0790  ==
  reg[ 7] accum=     -0.0000  tail_dup=     -0.0000  ==
IMPLICIT_GEMM_PIPELINED_TAIL_CHECK_V2 carry_in_fixed direct_compare mismatch=0 total_gemm_k_iters=30 tail_start=22 tail_iters=8 warp_mma_iters_per_gemm=4 stages=2 staged_accum=0 elements=128
  reg[ 0] accum=      0.0516  tail_dup=      0.0516  ==
  reg[ 1] accum=     -0.0238  tail_dup=     -0.0238  ==
  reg[ 2] accum=      0.0975  tail_dup=      0.0975  ==
  reg[ 3] accum=     -0.0246  tail_dup=     -0.0246  ==
  reg[ 4] accum=      0.1247  tail_dup=      0.1247  ==
  reg[ 5] accum=      0.0052  tail_dup=      0.0052  ==
  reg[ 6] accum=      0.1338  tail_dup=      0.1338  ==
  reg[ 7] accum=      0.0312  tail_dup=      0.0312  ==
IMPLICIT_GEMM_PIPELINED_TAIL_CHECK_V2 carry_in_fixed direct_compare mismatch=0 total_gemm_k_iters=10 tail_start=7 tail_iters=3 warp_mma_iters_per_gemm=4 stages=2 staged_accum=0 elements=128
  reg[ 0] accum=      0.0012  tail_dup=      0.0012  ==
  reg[ 1] accum=     -0.0084  tail_dup=     -0.0084  ==
  reg[ 2] accum=      0.0208  tail_dup=      0.0208  ==
  reg[ 3] accum=     -0.0356  tail_dup=     -0.0356  ==
  reg[ 4] accum=     -0.0303  tail_dup=     -0.0303  ==
  reg[ 5] accum=      0.0591  tail_dup=      0.0591  ==
  reg[ 6] accum=     -0.0090  tail_dup=     -0.0090  ==
  reg[ 7] accum=      0.0613  tail_dup=      0.0613  ==
{
  "accuracy_pct": 76.0,
  "batch_size": 100,
  "device": "NVIDIA H100 80GB HBM3",
  "max_ms": 2775.05419921875,
  "mean_ms": 2775.05419921875,
  "median_ms": 2775.05419921875,
  "min_ms": 2775.05419921875,
  "model": "mobilenet",
  "p95_ms": 2775.05419921875,
  "runtime_config": {
    "build_dir": "/tmp/ml_bench_h100_20260531_taildup_1747/custom_conv_cutlass_test_mobilenet",
    "cutlass_dir": "/storage/ice1/0/3/yjia305/2026_SUMMER/cutlass_test",
    "extension_name": "torch_cutlass_test_conv_ext_v1_taildup",
    "kernel_source": "/storage/ice1/0/3/yjia305/2026_SUMMER/cutlass_test/tools/torch_cutlass_conv/cutlass_conv2d_kernel.cu",
    "tail_duplicate": "True",
    "tail_duplicate_print": "False"
  },
  "samples": 100,
  "setup": "custom_conv_cutlass_test",
  "strict": true,
  "tail_dup": true,
  "tail_dup_print": false,
  "timed_batches": 1,
  "total_forward_ms": 2775.05419921875,
  "usage_stats": {
    "direct_calls": 17,
    "fallback_calls": 0,
    "modules_replaced": 0,
    "standalone_calls": 35
  },
  "wall_s": 2.8821766590117477
}
Collecting data...
Generating '/tmp/nsys-report-d5e1.qdstrm'
[1/1] [0%                          ] mobilenet_custom_conv_cutlass_test_taildup.nsys-rep[1/1] [0%                          ] mobilenet_custom_conv_cutlass_test_taildup.nsys-rep[1/1] [8%                          ] mobilenet_custom_conv_cutlass_test_taildup.nsys-rep[1/1] [=16%                        ] mobilenet_custom_conv_cutlass_test_taildup.nsys-rep[1/1] [=17%                        ] mobilenet_custom_conv_cutlass_test_taildup.nsys-rep[1/1] [==18%                       ] mobilenet_custom_conv_cutlass_test_taildup.nsys-rep[1/1] [=======37%                  ] mobilenet_custom_conv_cutlass_test_taildup.nsys-rep[1/1] [=============59%            ] mobilenet_custom_conv_cutlass_test_taildup.nsys-rep[1/1] [========================100%] mobilenet_custom_conv_cutlass_test_taildup.nsys-rep[1/1] [========================100%] mobilenet_custom_conv_cutlass_test_taildup.nsys-rep
Generated:
	/storage/ice1/0/3/yjia305/2026_SUMMER/ml_bench/runtime_results_h100_20260531_taildup_nsys_1747/mobilenet_custom_conv_cutlass_test_taildup.nsys-rep
