Using cache found in /nethome/yjia305/.cache/torch/hub/chenyaofo_pytorch-cifar-models_master
{
  "accuracy_pct": 74.31,
  "batch_size": 100,
  "device": "NVIDIA A100-PCIE-40GB",
  "max_ms": 42.24639892578125,
  "mean_ms": 19.099084968566896,
  "median_ms": 16.283199310302734,
  "min_ms": 12.746272087097168,
  "model": "mobilenet",
  "p95_ms": 32.601375579833984,
  "runtime_config": {
    "build_dir": "/tmp/ml_bench_taildup_decoupled_full/custom_conv_fresh_mobilenet",
    "cutlass_dir": "/net/netscratch/yjia305/cutlass_fresh",
    "extension_name": "torch_cutlass_test_conv_ext_v1",
    "kernel_source": "/net/netscratch/yjia305/cutlass_fresh/tools/torch_cutlass_conv/cutlass_conv2d_kernel.cu",
    "tail_duplicate": "False",
    "tail_duplicate_print": "False"
  },
  "samples": 10000,
  "setup": "custom_conv_fresh",
  "strict": true,
  "tail_dup": false,
  "tail_dup_print": false,
  "timed_batches": 100,
  "total_forward_ms": 1909.9084968566895,
  "usage_stats": {
    "direct_calls": 1717,
    "fallback_calls": 0,
    "modules_replaced": 0,
    "standalone_calls": 3535
  },
  "wall_s": 2.332230384927243
}
Collecting data...
Generating '/tmp/nsys-report-8611.qdstrm'
[1/1] [0%                          ] mobilenet_custom_conv_fresh.nsys-rep[1/1] [0%                          ] mobilenet_custom_conv_fresh.nsys-rep[1/1] [9%                          ] mobilenet_custom_conv_fresh.nsys-rep[1/1] [==18%                       ] mobilenet_custom_conv_fresh.nsys-rep[1/1] [=====30%                    ] mobilenet_custom_conv_fresh.nsys-rep[1/1] [========42%                 ] mobilenet_custom_conv_fresh.nsys-rep[1/1] [============54%             ] mobilenet_custom_conv_fresh.nsys-rep[1/1] [===============66%          ] mobilenet_custom_conv_fresh.nsys-rep[1/1] [=================72%        ] mobilenet_custom_conv_fresh.nsys-rep[1/1] [========================100%] mobilenet_custom_conv_fresh.nsys-rep[1/1] [========================100%] mobilenet_custom_conv_fresh.nsys-rep
Generated:
	/net/netscratch/yjia305/ml_bench/runtime_results_nsys_taildup_decoupled_full/mobilenet_custom_conv_fresh.nsys-rep
