Using cache found in /nethome/yjia305/.cache/torch/hub/chenyaofo_pytorch-cifar-models_master
{
  "accuracy_pct": 68.84,
  "batch_size": 100,
  "device": "NVIDIA A100-PCIE-40GB",
  "max_ms": 27.01206398010254,
  "mean_ms": 8.743038382530212,
  "median_ms": 6.660176038742065,
  "min_ms": 6.328351974487305,
  "model": "resnet",
  "p95_ms": 20.173376083374023,
  "runtime_config": {
    "build_dir": "/tmp/ml_bench_taildup_decoupled_full/custom_conv_cutlass_test_resnet",
    "cutlass_dir": "/net/netscratch/yjia305/cutlass_intra_warp",
    "extension_name": "torch_cutlass_test_conv_ext_v1_taildup",
    "kernel_source": "/net/netscratch/yjia305/cutlass_intra_warp/tools/torch_cutlass_conv/cutlass_conv2d_kernel.cu",
    "tail_duplicate": "True",
    "tail_duplicate_print": "False"
  },
  "samples": 10000,
  "setup": "custom_conv_cutlass_test",
  "strict": true,
  "tail_dup": true,
  "tail_dup_print": false,
  "timed_batches": 100,
  "total_forward_ms": 874.3038382530212,
  "usage_stats": {
    "direct_calls": 0,
    "fallback_calls": 0,
    "modules_replaced": 0,
    "standalone_calls": 2121
  },
  "wall_s": 1.7863305611535907
}
Collecting data...
Generating '/tmp/nsys-report-4f63.qdstrm'
[1/1] [0%                          ] resnet_intra_warp_taildup.nsys-rep[1/1] [0%                          ] resnet_intra_warp_taildup.nsys-rep[1/1] [6%                          ] resnet_intra_warp_taildup.nsys-rep[1/1] [10%                         ] resnet_intra_warp_taildup.nsys-rep[1/1] [13%                         ] resnet_intra_warp_taildup.nsys-rep[1/1] [=16%                        ] resnet_intra_warp_taildup.nsys-rep[1/1] [==19%                       ] resnet_intra_warp_taildup.nsys-rep[1/1] [===23%                      ] resnet_intra_warp_taildup.nsys-rep[1/1] [====27%                     ] resnet_intra_warp_taildup.nsys-rep[1/1] [=====31%                    ] resnet_intra_warp_taildup.nsys-rep[1/1] [======35%                   ] resnet_intra_warp_taildup.nsys-rep[1/1] [=======38%                  ] resnet_intra_warp_taildup.nsys-rep[1/1] [========42%                 ] resnet_intra_warp_taildup.nsys-rep[1/1] [=========45%                ] resnet_intra_warp_taildup.nsys-rep[1/1] [==========49%               ] resnet_intra_warp_taildup.nsys-rep[1/1] [============55%             ] resnet_intra_warp_taildup.nsys-rep[1/1] [============57%             ] resnet_intra_warp_taildup.nsys-rep[1/1] [========================100%] resnet_intra_warp_taildup.nsys-rep[1/1] [========================100%] resnet_intra_warp_taildup.nsys-rep
Generated:
	/net/netscratch/yjia305/ml_bench/runtime_results_nsys_taildup_decoupled_full/resnet_intra_warp_taildup.nsys-rep
