Using cache found in /nethome/yjia305/.cache/torch/hub/chenyaofo_pytorch-cifar-models_master
{
  "accuracy_pct": 68.84,
  "batch_size": 100,
  "device": "NVIDIA A100-PCIE-40GB",
  "max_ms": 26.154272079467773,
  "mean_ms": 8.268293085098266,
  "median_ms": 6.808160066604614,
  "min_ms": 6.007296085357666,
  "model": "resnet",
  "p95_ms": 19.268831253051758,
  "runtime_config": {
    "build_dir": "/tmp/ml_bench_taildup_decoupled_full/custom_conv_fresh_resnet",
    "cutlass_dir": "/net/netscratch/yjia305/cutlass_fresh",
    "extension_name": "torch_cutlass_test_conv_ext_v1",
    "kernel_source": "/net/netscratch/yjia305/cutlass_fresh/tools/torch_cutlass_conv/cutlass_conv2d_kernel.cu",
    "tail_duplicate": "False",
    "tail_duplicate_print": "False"
  },
  "samples": 10000,
  "setup": "custom_conv_fresh",
  "strict": true,
  "tail_dup": false,
  "tail_dup_print": false,
  "timed_batches": 100,
  "total_forward_ms": 826.8293085098267,
  "usage_stats": {
    "direct_calls": 0,
    "fallback_calls": 0,
    "modules_replaced": 0,
    "standalone_calls": 2121
  },
  "wall_s": 1.8153908518142998
}
Collecting data...
Generating '/tmp/nsys-report-a128.qdstrm'
[1/1] [0%                          ] resnet_custom_conv_fresh.nsys-rep[1/1] [0%                          ] resnet_custom_conv_fresh.nsys-rep[1/1] [14%                         ] resnet_custom_conv_fresh.nsys-rep[1/1] [====28%                     ] resnet_custom_conv_fresh.nsys-rep[1/1] [==========47%               ] resnet_custom_conv_fresh.nsys-rep[1/1] [===============67%          ] resnet_custom_conv_fresh.nsys-rep[1/1] [================70%         ] resnet_custom_conv_fresh.nsys-rep[1/1] [========================100%] resnet_custom_conv_fresh.nsys-rep[1/1] [========================100%] resnet_custom_conv_fresh.nsys-rep
Generated:
	/net/netscratch/yjia305/ml_bench/runtime_results_nsys_taildup_decoupled_full/resnet_custom_conv_fresh.nsys-rep
