Using cache found in /nethome/yjia305/.cache/torch/hub/chenyaofo_pytorch-cifar-models_master
{
  "accuracy_pct": 72.62,
  "batch_size": 100,
  "device": "NVIDIA A100-PCIE-40GB",
  "max_ms": 41.74806213378906,
  "mean_ms": 21.72162106513977,
  "median_ms": 20.258511543273926,
  "min_ms": 15.74169635772705,
  "model": "shufflenet",
  "p95_ms": 32.55955123901367,
  "runtime_config": {
    "build_dir": "/tmp/ml_bench_taildup_decoupled_full/custom_conv_fresh_shufflenet",
    "cutlass_dir": "/net/netscratch/yjia305/cutlass_fresh",
    "extension_name": "torch_cutlass_test_conv_ext_v1",
    "kernel_source": "/net/netscratch/yjia305/cutlass_fresh/tools/torch_cutlass_conv/cutlass_conv2d_kernel.cu",
    "tail_duplicate": "False",
    "tail_duplicate_print": "False"
  },
  "samples": 10000,
  "setup": "custom_conv_fresh",
  "strict": false,
  "tail_dup": false,
  "tail_dup_print": false,
  "timed_batches": 100,
  "total_forward_ms": 2172.162106513977,
  "usage_stats": {
    "direct_calls": 1919,
    "fallback_calls": 909,
    "modules_replaced": 0,
    "standalone_calls": 2828
  },
  "wall_s": 2.5567368348129094
}
Collecting data...
Generating '/tmp/nsys-report-19d2.qdstrm'
[1/1] [0%                          ] shufflenet_custom_conv_fresh.nsys-rep[1/1] [0%                          ] shufflenet_custom_conv_fresh.nsys-rep[1/1] [8%                          ] shufflenet_custom_conv_fresh.nsys-rep[1/1] [13%                         ] shufflenet_custom_conv_fresh.nsys-rep[1/1] [===24%                      ] shufflenet_custom_conv_fresh.nsys-rep[1/1] [======35%                   ] shufflenet_custom_conv_fresh.nsys-rep[1/1] [=========46%                ] shufflenet_custom_conv_fresh.nsys-rep[1/1] [============57%             ] shufflenet_custom_conv_fresh.nsys-rep[1/1] [================68%         ] shufflenet_custom_conv_fresh.nsys-rep[1/1] [=================72%        ] shufflenet_custom_conv_fresh.nsys-rep[1/1] [========================100%] shufflenet_custom_conv_fresh.nsys-rep[1/1] [========================100%] shufflenet_custom_conv_fresh.nsys-rep
Generated:
	/net/netscratch/yjia305/ml_bench/runtime_results_nsys_taildup_decoupled_full/shufflenet_custom_conv_fresh.nsys-rep
